# Glade copyright 2017 Peardrop Design Systems. All rights reserved.
# Glade release version 4.6.55 compiled on Sep  7 2018 10:54:15
# Qt version 5.10.0 on 32 bit platform (little endian)
# Compiled with Visual C++ version 13.1
# Log file: Z:/home/ko/ALBDATA/Glade/tsd_core_132206df17ec9abd1a4580832fe0556dd3689009/glade_10.09.2018_17.42.23.log
# Username: 1108 Hostname: mineda.anagix.com
# Current time: Mon Sep 10 17:42:23 2018
# Operating system: Windows 7 SP 1 (6.1)
# Number of CPUs: 6
# Available memory: 31892 Mb
# MAC address: E0:D5:5E:A3:54:E3
# Display 0: Screen size (pixels): 1280 x 657
# Logical dpi: 96.0 Physical dpi: 95.9
# Display Scale Factor: 1.00
# OpenGL vendor: VMware, Inc.
# OpenGL renderer: llvmpipe (LLVM 5.0, 256 bits)
# OpenGL version: 2.1 Mesa 17.2.3
# Python version 2.7.4 (default, Apr  6 2013, 19:54:46) [MSC v.1500 32 bit (Intel)] for win32
# PYTHONHOME is: Z:\opt\glade\glade4_win32
# INFO: Reading global preferences file C:/users/1108/gladerc.xml
# INFO: Loaded library basic from Z:/opt/glade/glade4_win32/basic
# INFO: Reading library (version 540) /usr/local/share/MakeLSI/OpenRule1um/OpenRule1um
# INFO: Creating layer NWL purpose drawing
# INFO: Creating layer NWL_dp purpose drawing
# INFO: Creating layer DIFF purpose drawing
# INFO: Creating layer POL purpose drawing
# INFO: Creating layer HPOL purpose drawing
# INFO: Creating layer CNT purpose drawing
# INFO: Creating layer ML1 purpose drawing
# INFO: Creating layer VIA1 purpose drawing
# INFO: Creating layer ML2 purpose drawing
# INFO: Creating layer VIA2 purpose drawing
# INFO: Creating layer ML3 purpose drawing
# INFO: Creating layer TEXT purpose drawing
# INFO: Creating layer FRAME purpose drawing
# INFO: Creating layer RES purpose drawing
# INFO: Creating layer CAP purpose drawing
# INFO: Creating layer DIO purpose drawing
# INFO: Creating layer Parea purpose drawing
# INFO: Creating layer Narea purpose drawing
# INFO: Creating layer PAD purpose drawing
# INFO: Creating layer DM_dcn purpose drawing
# INFO: Creating layer DM_pcn purpose drawing
# INFO: Creating layer DM_nscn purpose drawing
# INFO: Creating layer DM_pscn purpose drawing
# INFO: Creating layer DM_via1 purpose drawing
# INFO: Creating layer DM_via2 purpose drawing
# INFO: Reading cell an21 view layout
# INFO: Reading cell an31 view layout
# INFO: Reading cell an41 view layout
# INFO: Reading cell buf1 view layout
# INFO: Reading cell buf2 view layout
# INFO: Reading cell buf4 view layout
# INFO: Reading cell buf8 view layout
# INFO: Reading cell cellall view layout
# INFO: Reading cell cinv view layout
# INFO: Reading cell dcont view layout
# INFO: Reading cell dff1 view layout
# INFO: Reading cell dff1m2 view layout
# INFO: Reading cell exnr view layout
# INFO: Reading cell exor view layout
# INFO: Reading cell inv1 view layout
# INFO: Reading cell inv2 view layout
# INFO: Reading cell inv4 view layout
# INFO: Reading cell inv8 view layout
# INFO: Reading cell na21 view layout
# INFO: Reading cell na212 view layout
# INFO: Reading cell na222 view layout
# INFO: Reading cell na31 view layout
# INFO: Reading cell na41 view layout
# INFO: Reading cell nr21 view layout
# INFO: Reading cell nr212 view layout
# INFO: Reading cell nr222 view layout
# INFO: Reading cell nr31 view layout
# INFO: Reading cell nsubcont view layout
# INFO: Reading cell or21 view layout
# INFO: Reading cell or31 view layout
# INFO: Reading cell pcont view layout
# INFO: Reading cell psubcont view layout
# INFO: Reading cell rff1 view layout
# INFO: Reading cell rff1m2 view layout
# INFO: Reading cell sff1 view layout
# INFO: Reading cell sff1m2 view layout
# INFO: Reading cell Via view layout
# INFO: Rebinding library basic
# INFO: Reading library (version 540) .
# INFO: Creating layer NWL purpose drawing
# INFO: Creating layer NWL_dp purpose drawing
# INFO: Creating layer DIFF purpose drawing
# INFO: Creating layer POL purpose drawing
# INFO: Creating layer HPOL purpose drawing
# INFO: Creating layer CNT purpose drawing
# INFO: Creating layer ML1 purpose drawing
# INFO: Creating layer VIA1 purpose drawing
# INFO: Creating layer ML2 purpose drawing
# INFO: Creating layer VIA2 purpose drawing
# INFO: Creating layer ML3 purpose drawing
# INFO: Creating layer TEXT purpose drawing
# INFO: Creating layer FRAME purpose drawing
# INFO: Creating layer RES purpose drawing
# INFO: Creating layer CAP purpose drawing
# INFO: Creating layer DIO purpose drawing
# INFO: Creating layer Parea purpose drawing
# INFO: Creating layer Narea purpose drawing
# INFO: Creating layer PAD purpose drawing
# INFO: Creating layer DM_dcn purpose drawing
# INFO: Creating layer DM_pcn purpose drawing
# INFO: Creating layer DM_nscn purpose drawing
# INFO: Creating layer DM_pscn purpose drawing
# INFO: Creating layer DM_via1 purpose drawing
# INFO: Creating layer DM_via2 purpose drawing
# INFO: Reading cell nch1x10 view layout
# INFO: Reading cell nch1x20 view layout
# INFO: Reading cell pch1x10 view layout
# INFO: Reading cell pch1x20 view layout
# INFO: Reading cell res4k view layout
# INFO: Reading cell res500 view layout
# INFO: Reading cell res980k view layout
# INFO: Reading cell res98k view layout
# INFO: Reading cell tsd_core view layout
# ERROR: Inst I0 (master library (null) cell unbound view unbound) instanced in cellview tsd_core_HEAD res980k layout is unbound!
# INFO: Rebinding library OpenRule1um
# INFO: Rebinding library basic
ui().openCellView("tsd_core_HEAD", "tsd_core", "layout", 1)
# INFO: Opened cell tsd_core view layout
ui().selectPoint(93500, 79500, 0)
ui().properties("tsd_core_HEAD", "tsd_core", "layout")
ui().selectPoint(93500, 79500, 0)
ui().selectPoint(81500, 79500, 0)
ui().selectArea(81500, 80864, 88524, 79212, 0)
ui().selectPoint(81500, 79500, 0)
# INFO: Setting selection mode to PARTIAL
# INFO: 1 Edge(s) stretched by (0.000, 0.000)
ui().selectPoint(81500, 79500, 0)
ui().properties("tsd_core_HEAD", "tsd_core", "layout")
ui().selectPoint(81500, 79500, 0)
# INFO: Deleting 1 object(s)
ui().editUndo()
# INFO: Undoing last delete
ui().selectPoint(90000, 79500, 0)
ui().selectArea(87375, 79578, 90171, 79362, 0)
ui().selectPoint(88000, 79500, 0)
# INFO: Deleting 1 object(s)
# INFO: Set current layer to ML2 drawing
ui().editPath()
# INFO: Adding path point #1 at (113.000, 83.500)
# INFO: Adding path point #2 at (113.000, 80.000)
# INFO: Adding path point #3 at (81.500, 80.000)
# INFO: Created path with 3 points
ui().selectPoint(81500, 80000, 0)
ui().selectPoint(105000, 81500, 0)
# INFO: Deleting 1 object(s)
ui().selectPoint(97500, 81000, 0)
# INFO: Deleting 1 object(s)
ui().selectPoint(105500, 83500, 0)
ui().editCreatePath()
# INFO: Adding path point #1 at (105.500, 83.500)
# INFO: Adding path point #2 at (105.500, 80.000)
# INFO: Created path with 2 points
ui().selectPoint(105500, 80000, 0)
ui().selectPoint(105500, 81500, 0)
# WARNING: Segments cannot be copied - select shape in full mode!
# WARNING: Segments cannot be copied - select shape in full mode!
# WARNING: Segments cannot be copied - select shape in full mode!
# WARNING: Segments cannot be copied - select shape in full mode!
# WARNING: Segments cannot be copied - select shape in full mode!
# WARNING: Segments cannot be copied - select shape in full mode!
# WARNING: Segments cannot be copied - select shape in full mode!
# WARNING: Segments cannot be copied - select shape in full mode!
# WARNING: Segments cannot be copied - select shape in full mode!
# WARNING: Segments cannot be copied - select shape in full mode!
# WARNING: Segments cannot be copied - select shape in full mode!
# INFO: Setting selection mode to FULL
# WARNING: Segments cannot be copied - select shape in full mode!
# WARNING: Segments cannot be copied - select shape in full mode!
# WARNING: Segments cannot be copied - select shape in full mode!
# WARNING: Segments cannot be copied - select shape in full mode!
# WARNING: Segments cannot be copied - select shape in full mode!
ui().editCreatePath()
# INFO: Adding path point #1 at (97.500, 83.500)
# INFO: Adding path point #2 at (97.500, 80.000)
# INFO: Created path with 2 points
ui().selectPoint(97500, 80000, 0)
ui().selectPoint(97500, 80000, 0)
ui().selectPoint(89500, 83500, 0)
ui().editCreatePath()
# INFO: Adding path point #1 at (89.500, 83.500)
# INFO: Adding path point #2 at (89.500, 81.500)
# INFO: Adding path point #3 at (90.000, 81.500)
# INFO: Created path with 3 points
ui().selectPoint(90000, 81500, 0)
ui().editRedo()
# INFO: Redoing last delete
ui().editUndo()
# INFO: Undoing last delete
ui().editUndo()
# INFO: Undoing last create
ui().editCreatePath()
# INFO: Adding path point #1 at (89.500, 83.500)
# INFO: Adding path point #2 at (89.500, 80.000)
# INFO: Created path with 2 points
ui().selectPoint(89500, 80000, 0)
ui().selectPoint(92500, 81000, 0)
ui().selectPoint(89500, 81000, 0)
ui().properties("tsd_core_HEAD", "tsd_core", "layout")
ui().selectPoint(89500, 81000, 0)
# INFO: Changed layer from marker drawing to ML2 drawing
# INFO: Set current layer to ML1 drawing
ui().editPath()
# INFO: Adding path point #1 at (116.000, 83.000)
# INFO: Adding path point #2 at (116.000, 79.500)
# INFO: Adding path point #3 at (84.500, 79.500)
# INFO: Adding path point #4 at (84.500, 79.000)
# INFO: Created path with 4 points
ui().selectPoint(84500, 79000, 0)
ui().editUndo()
# INFO: Undoing last create
# INFO: Set current layer to ML1 drawing
ui().editPath()
# INFO: Adding path point #1 at (116.000, 83.000)
# INFO: Adding path point #2 at (116.000, 80.000)
# INFO: Adding path point #3 at (84.500, 80.000)
# INFO: Created path with 3 points
ui().selectPoint(84500, 80000, 0)
ui().editCreatePath()
# INFO: Adding path point #1 at (108.500, 83.500)
# ERROR: Path has 1 points - will not be created!
ui().selectPoint(108500, 83500, 0)
ui().editUndo()
# INFO: Undoing last create
ui().editCreatePath()
# INFO: Adding path point #1 at (108.500, 83.000)
# INFO: Adding path point #2 at (108.500, 79.500)
# INFO: Created path with 2 points
ui().selectPoint(108500, 79500, 0)
ui().selectPoint(109000, 81500, 0)
ui().properties("tsd_core_HEAD", "tsd_core", "layout")
ui().selectPoint(109000, 81500, 0)
# INFO: Changed layer from marker drawing to ML1 drawing
ui().selectPoint(116000, 83500, 0)
ui().selectArea(115951, 83358, 116113, 83322, 0)
ui().editPath()
# INFO: Adding path point #1 at (116.000, 83.500)
# INFO: Adding path point #2 at (116.000, 79.500)
# INFO: Adding path point #3 at (84.500, 79.500)
# INFO: Created path with 3 points
ui().selectPoint(84500, 79500, 0)
ui().selectPoint(86000, 79000, 0)
ui().selectPoint(86000, 79000, 0)
ui().properties("tsd_core_HEAD", "tsd_core", "layout")
ui().selectPoint(86000, 79000, 0)
# INFO: Changed layer from marker drawing to ML1 drawing
# INFO: Set current layer to ML1 drawing
ui().editPath()
# INFO: Adding path point #1 at (100.500, 83.000)
# INFO: Adding path point #2 at (100.500, 79.500)
# INFO: Created path with 2 points
ui().selectPoint(100500, 79500, 0)
ui().editCreatePath()
# INFO: Adding path point #1 at (92.500, 83.000)
# INFO: Adding path point #2 at (92.500, 79.500)
# INFO: Created path with 2 points
ui().selectPoint(92500, 79500, 0)
ui().fileSaveLib()
# INFO: Saving library tsd_core_HEAD to Z:/home/ko/ALBDATA/Glade/tsd_core_132206df17ec9abd1a4580832fe0556dd3689009
# INFO: Saving library Z:/home/ko/ALBDATA/Glade/tsd_core_132206df17ec9abd1a4580832fe0556dd3689009, version = 540
Writing cell tsd_core view layout
Writing cell res98k view layout
Writing cell res4k view layout
Writing cell pch1x20 view layout
Writing cell pch1x10 view layout
Writing cell nch1x20 view layout
Writing cell res980k view layout
Writing cell res500 view layout
Writing cell nch1x10 view layout
ui().fileSaveCell()
# INFO: Saving cellview Z:/home/ko/ALBDATA/Glade/tsd_core_132206df17ec9abd1a4580832fe0556dd3689009/tsd_core/layout
ui().selectPoint(144000, 120000, 0)
# INFO: Object mirrored about (142.000, 103.500)
# INFO: 1 object(s) moved by delta = (0.000, -2.500)
ui().selectPoint(166000, 98000, 0)
# INFO: Set current layer to ML1 drawing
ui().editCreatePath()
# INFO: Adding path point #1 at (132.500, 123.500)
# INFO: Adding path point #2 at (135.500, 123.500)
# INFO: Adding path point #3 at (135.500, 123.000)
# INFO: Created path with 3 points
ui().selectPoint(135500, 123000, 0)
ui().editUndo()
# INFO: Undoing last create
ui().selectArea(157598, 116330, 157598, 112303, 0)
ui().selectPoint(142000, 118500, 0)
# INFO: 1 object(s) moved by delta = (0.000, 1.000)
# INFO: 1 object(s) moved by delta = (0.000, -0.500)
ui().selectPoint(154000, 110000, 0)
ui().selectArea(151857, 116762, 153006, 115323, 0)
ui().editCreatePath()
# INFO: Adding path point #1 at (132.500, 123.500)
# INFO: Adding path point #2 at (135.500, 123.500)
# INFO: Created path with 2 points
ui().selectPoint(135500, 123500, 0)
ui().selectPoint(92500, 60000, 0)
# INFO: Object mirrored about (95.500, 58.000)
# INFO: 1 object(s) moved by delta = (0.000, -4.500)
ui().selectPoint(113500, 54500, 0)
# INFO: Object mirrored about (112.000, 51.500)
# INFO: 1 object(s) moved by delta = (0.000, 9.000)
# INFO: 1 object(s) moved by delta = (0.500, 0.000)
# INFO: 1 object(s) moved by delta = (0.000, -1.500)
# INFO: 1 object(s) moved by delta = (0.000, 1.500)
ui().selectPoint(170000, 41500, 0)
ui().selectPoint(112500, 62000, 0)
# INFO: Object mirrored about (110.500, 48.500)
# INFO: 1 object(s) moved by delta = (0.000, 14.500)
ui().selectPoint(124500, 64500, 0)
# INFO: Object mirrored about (126.500, 52.500)
# INFO: 1 object(s) moved by delta = (0.000, 6.500)
ui().selectPoint(140000, 58500, 0)
# INFO: Object mirrored about (141.500, 51.000)
# INFO: 1 object(s) moved by delta = (0.000, 9.500)
ui().editPath()
# INFO: Adding path point #1 at (101.500, 34.500)
# INFO: Adding path point #2 at (105.500, 34.500)
# INFO: Created path with 2 points
ui().selectPoint(105500, 34500, 0)
ui().editCreatePath()
# INFO: Adding path point #1 at (117.500, 76.500)
# INFO: Adding path point #2 at (120.500, 76.500)
# INFO: Created path with 2 points
ui().selectPoint(120500, 76500, 0)
ui().selectArea(149429, 72946, 156321, 71076, 0)
ui().selectPoint(141500, 73000, 0)
# INFO: Object mirrored about (141.500, 57.000)
# INFO: 1 object(s) moved by delta = (0.000, -2.500)
# INFO: 1 object(s) moved by delta = (0.000, -1.000)
# INFO: 1 object(s) moved by delta = (0.000, 0.500)
ui().selectPoint(153000, 43500, 0)
# INFO: Set current layer to ML1 drawing
ui().editPath()
# INFO: Adding path point #1 at (135.500, 34.500)
# INFO: Adding path point #2 at (132.500, 34.500)
# INFO: Created path with 2 points
ui().selectPoint(132500, 34500, 0)
ui().selectPoint(178000, 51500, 0)
ui().selectPoint(148000, 88500, 0)
ui().properties("tsd_core_HEAD", "tsd_core", "layout")
ui().selectPoint(148000, 88500, 0)
# INFO: Set current layer to ML1 drawing
ui().selectPoint(89500, 76500, 0)
ui().editCreatePath()
# INFO: Adding path point #1 at (89.500, 76.500)
# INFO: Adding path point #2 at (87.000, 76.500)
# INFO: Adding path point #3 at (87.000, 70.000)
# INFO: Adding path point #4 at (85.000, 70.000)
# INFO: Created path with 4 points
ui().selectPoint(85000, 70000, 0)
ui().selectPoint(91500, 72500, 0)
ui().fileSaveLib()
# INFO: Saving library tsd_core_HEAD to Z:/home/ko/ALBDATA/Glade/tsd_core_132206df17ec9abd1a4580832fe0556dd3689009
# INFO: Saving library Z:/home/ko/ALBDATA/Glade/tsd_core_132206df17ec9abd1a4580832fe0556dd3689009, version = 540
Writing cell tsd_core view layout
Writing cell res98k view layout
Writing cell res4k view layout
Writing cell pch1x20 view layout
Writing cell pch1x10 view layout
Writing cell nch1x20 view layout
Writing cell res980k view layout
Writing cell res500 view layout
Writing cell nch1x10 view layout
ui().fileSaveCell()
# INFO: Saving cellview Z:/home/ko/ALBDATA/Glade/tsd_core_132206df17ec9abd1a4580832fe0556dd3689009/tsd_core/layout
# INFO: Set current layer to ML1 drawing
ui().editPath()
# INFO: Adding path point #1 at (75.500, 83.500)
# INFO: Adding path point #2 at (75.500, 78.500)
# INFO: Adding path point #3 at (72.000, 78.500)
# INFO: Adding path point #4 at (72.000, 71.000)
# INFO: Adding path point #5 at (71.500, 71.000)
# INFO: Created path with 5 points
ui().selectPoint(71500, 71000, 0)
ui().editCreatePath()
# INFO: Adding path point #1 at (63.500, 80.000)
# INFO: Adding path point #2 at (63.500, 73.000)
# INFO: Adding path point #3 at (65.000, 73.000)
# INFO: Adding path point #4 at (65.000, 70.000)
# INFO: Created path with 4 points
ui().selectPoint(65000, 70000, 0)
ui().selectArea(64775, 72762, 65660, 72245, 0)
ui().selectPoint(65000, 72500, 0)
ui().properties("tsd_core_HEAD", "tsd_core", "layout")
ui().selectPoint(65000, 72500, 0)
# INFO: Changed layer from marker drawing to ML1 drawing
ui().selectPoint(67000, 72000, 0)
ui().verifyDRCRun()
Run DRC using rules file Z:/usr/local/share/MakeLSI/OpenRule1um/OpenRule1um_v110/OpenRule1um-drc_v110.py
# INFO: Read 2 shapes from layer NWL drawing
# INFO: Read 32 shapes from layer DIFF drawing
# INFO: Read 46 shapes from layer POL drawing
# INFO: Read 252 shapes from layer CNT drawing
# INFO: Read 51 shapes from layer ML1 drawing
# INFO: Read 68 shapes from layer VIA1 drawing
# INFO: Read 58 shapes from layer ML2 drawing
# INFO: Read 16 shapes from layer FRAME drawing
# INFO: Read 11 shapes from layer Parea drawing
# INFO: Read 16 shapes from layer Narea drawing
# INFO: Read 48 shapes from layer DM_dcn drawing
# INFO: Read 76 shapes from layer DM_pcn drawing
# INFO: Read 11 shapes from layer DM_nscn drawing
# INFO: Read 5 shapes from layer DM_pscn drawing
# INFO: Read 68 shapes from layer DM_via1 drawing
# INFO: Connectivity analysis may use 6 threads
# INFO: Set up tasks took 0.003 seconds
# INFO: Building connectivity graph, 9 tasks
# INFO: Build connectivity took 0.010 seconds
# INFO: Extract connectivity graph...
# INFO: Graph search took 0.003 seconds
# INFO: Total geomConnect time 0.023 seconds
Check GAP
