# Glade copyright 2017 Peardrop Design Systems. All rights reserved.
# Glade release version 4.6.55 compiled on Sep  7 2018 10:54:15
# Qt version 5.10.0 on 32 bit platform (little endian)
# Compiled with Visual C++ version 13.1
# Log file: Z:/home/ko/ALBDATA/Glade/tsd_core_36a8a244310e3d32ee9f4056a39117cd791216a6/glade_15.09.2018_17.34.44.log
# Username: 1108 Hostname: mineda.anagix.com
# Current time: Sat Sep 15 17:34:45 2018
# Operating system: Windows 7 SP 1 (6.1)
# Number of CPUs: 6
# Available memory: 31892 Mb
# MAC address: E0:D5:5E:A3:54:E3
# Display 0: Screen size (pixels): 1280 x 657
# Logical dpi: 96.0 Physical dpi: 95.9
# Display Scale Factor: 1.00
# OpenGL vendor: VMware, Inc.
# OpenGL renderer: llvmpipe (LLVM 5.0, 256 bits)
# OpenGL version: 2.1 Mesa 17.2.3
# Python version 2.7.4 (default, Apr  6 2013, 19:54:46) [MSC v.1500 32 bit (Intel)] for win32
# PYTHONHOME is: Z:\opt\glade\glade4_win32
# INFO: Reading global preferences file C:/users/1108/gladerc.xml
# INFO: Loaded library basic from Z:/opt/glade/glade4_win32/basic
# INFO: Reading library (version 540) /usr/local/share/MakeLSI/OpenRule1um/OpenRule1um
# INFO: Creating layer NWL purpose drawing
# INFO: Creating layer NWL_dp purpose drawing
# INFO: Creating layer DIFF purpose drawing
# INFO: Creating layer POL purpose drawing
# INFO: Creating layer HPOL purpose drawing
# INFO: Creating layer CNT purpose drawing
# INFO: Creating layer ML1 purpose drawing
# INFO: Creating layer VIA1 purpose drawing
# INFO: Creating layer ML2 purpose drawing
# INFO: Creating layer VIA2 purpose drawing
# INFO: Creating layer ML3 purpose drawing
# INFO: Creating layer TEXT purpose drawing
# INFO: Creating layer FRAME purpose drawing
# INFO: Creating layer RES purpose drawing
# INFO: Creating layer CAP purpose drawing
# INFO: Creating layer DIO purpose drawing
# INFO: Creating layer Parea purpose drawing
# INFO: Creating layer Narea purpose drawing
# INFO: Creating layer PAD purpose drawing
# INFO: Creating layer DM_dcn purpose drawing
# INFO: Creating layer DM_pcn purpose drawing
# INFO: Creating layer DM_nscn purpose drawing
# INFO: Creating layer DM_pscn purpose drawing
# INFO: Creating layer DM_via1 purpose drawing
# INFO: Creating layer DM_via2 purpose drawing
# INFO: Reading cell an21 view layout
# INFO: Reading cell an31 view layout
# INFO: Reading cell an41 view layout
# INFO: Reading cell buf1 view layout
# INFO: Reading cell buf2 view layout
# INFO: Reading cell buf4 view layout
# INFO: Reading cell buf8 view layout
# INFO: Reading cell cellall view layout
# INFO: Reading cell cinv view layout
# INFO: Reading cell dcont view layout
# INFO: Reading cell dff1 view layout
# INFO: Reading cell dff1m2 view layout
# INFO: Reading cell exnr view layout
# INFO: Reading cell exor view layout
# INFO: Reading cell inv1 view layout
# INFO: Reading cell inv2 view layout
# INFO: Reading cell inv4 view layout
# INFO: Reading cell inv8 view layout
# INFO: Reading cell na21 view layout
# INFO: Reading cell na212 view layout
# INFO: Reading cell na222 view layout
# INFO: Reading cell na31 view layout
# INFO: Reading cell na41 view layout
# INFO: Reading cell nr21 view layout
# INFO: Reading cell nr212 view layout
# INFO: Reading cell nr222 view layout
# INFO: Reading cell nr31 view layout
# INFO: Reading cell nsubcont view layout
# INFO: Reading cell or21 view layout
# INFO: Reading cell or31 view layout
# INFO: Reading cell pcont view layout
# INFO: Reading cell psubcont view layout
# INFO: Reading cell rff1 view layout
# INFO: Reading cell rff1m2 view layout
# INFO: Reading cell sff1 view layout
# INFO: Reading cell sff1m2 view layout
# INFO: Reading cell Via view layout
# INFO: Rebinding library basic
# INFO: Reading library (version 540) .
# INFO: Creating layer NWL purpose drawing
# INFO: Creating layer NWL_dp purpose drawing
# INFO: Creating layer DIFF purpose drawing
# INFO: Creating layer POL purpose drawing
# INFO: Creating layer HPOL purpose drawing
# INFO: Creating layer CNT purpose drawing
# INFO: Creating layer ML1 purpose drawing
# INFO: Creating layer VIA1 purpose drawing
# INFO: Creating layer ML2 purpose drawing
# INFO: Creating layer VIA2 purpose drawing
# INFO: Creating layer ML3 purpose drawing
# INFO: Creating layer TEXT purpose drawing
# INFO: Creating layer FRAME purpose drawing
# INFO: Creating layer RES purpose drawing
# INFO: Creating layer CAP purpose drawing
# INFO: Creating layer DIO purpose drawing
# INFO: Creating layer Parea purpose drawing
# INFO: Creating layer Narea purpose drawing
# INFO: Creating layer PAD purpose drawing
# INFO: Creating layer DM_dcn purpose drawing
# INFO: Creating layer DM_pcn purpose drawing
# INFO: Creating layer DM_nscn purpose drawing
# INFO: Creating layer DM_pscn purpose drawing
# INFO: Creating layer DM_via1 purpose drawing
# INFO: Creating layer DM_via2 purpose drawing
# INFO: Reading cell nch1x10 view layout
# INFO: Reading cell nch1x20 view layout
# INFO: Reading cell pch1x10 view layout
# INFO: Reading cell pch1x20 view layout
# INFO: Reading cell res4k view layout
# INFO: Reading cell res500 view layout
# INFO: Reading cell res980k view layout
# INFO: Reading cell res98k view layout
# INFO: Reading cell tsd_core view layout
# ERROR: Inst I0 (master library (null) cell unbound view unbound) instanced in cellview tsd_core_HEAD res980k layout is unbound!
# INFO: Rebinding library OpenRule1um
# INFO: Rebinding library basic
ui().openCellView("tsd_core_HEAD", "tsd_core", "layout", 1)
# INFO: Opened cell tsd_core view layout
ui().verifyDRCRun()
Run DRC using rules file Z:/usr/local/share/MakeLSI/OpenRule1um/OpenRule1um_v110/OpenRule1um-drc_v110.py
# INFO: Read 2 shapes from layer NWL drawing
# INFO: Read 32 shapes from layer DIFF drawing
# INFO: Read 46 shapes from layer POL drawing
# INFO: Read 252 shapes from layer CNT drawing
# INFO: Read 54 shapes from layer ML1 drawing
# INFO: Read 68 shapes from layer VIA1 drawing
# INFO: Read 58 shapes from layer ML2 drawing
# INFO: Read 16 shapes from layer FRAME drawing
# INFO: Read 11 shapes from layer Parea drawing
# INFO: Read 16 shapes from layer Narea drawing
# INFO: Read 48 shapes from layer DM_dcn drawing
# INFO: Read 76 shapes from layer DM_pcn drawing
# INFO: Read 11 shapes from layer DM_nscn drawing
# INFO: Read 5 shapes from layer DM_pscn drawing
# INFO: Read 68 shapes from layer DM_via1 drawing
# INFO: Connectivity analysis may use 6 threads
# INFO: Set up tasks took 0.003 seconds
# INFO: Building connectivity graph, 9 tasks
# INFO: Build connectivity took 0.016 seconds
# INFO: Extract connectivity graph...
# INFO: Graph search took 0.001 seconds
# INFO: Total geomConnect time 0.026 seconds
Check GAP
Check Overlap
# INFO: Read 176 shapes from layer DM_dcn drawing
# INFO: Read 76 shapes from layer DM_pcn drawing
# INFO: Read 11 shapes from layer DM_nscn drawing
# INFO: Read 5 shapes from layer DM_pscn drawing
# INFO: Read 90 shapes from layer DM_via1 drawing
Check Stacked Con/Via
Check Width
Check Enclose
Check MOS gate extension
Check stand-alone Cont/Via
>>> # INFO: DRC run completed.
ui().verifyDRCView()
ui().editCreatePath()
# INFO: Adding path point #1 at (75.500, 83.000)
# INFO: Adding path point #2 at (75.500, 79.000)
# INFO: Adding path point #3 at (72.000, 79.000)
# INFO: Adding path point #4 at (72.000, 71.000)
# INFO: Adding path point #5 at (71.500, 71.000)
# INFO: Created path with 5 points
ui().selectPoint(71500, 71000, 0)
ui().selectPoint(75000, 79000, 0)
ui().properties("tsd_core_HEAD", "tsd_core", "layout")
ui().selectPoint(75000, 79000, 0)
# INFO: Changed layer from NWL drawing to ML1 drawing
ui().verifyDRCRun()
Run DRC using rules file Z:/usr/local/share/MakeLSI/OpenRule1um/OpenRule1um_v110/OpenRule1um-drc_v110.py
# INFO: Read 2 shapes from layer NWL drawing
# INFO: Read 32 shapes from layer DIFF drawing
# INFO: Read 46 shapes from layer POL drawing
# INFO: Read 252 shapes from layer CNT drawing
# INFO: Read 52 shapes from layer ML1 drawing
# INFO: Read 68 shapes from layer VIA1 drawing
# INFO: Read 58 shapes from layer ML2 drawing
# INFO: Read 16 shapes from layer FRAME drawing
# INFO: Read 11 shapes from layer Parea drawing
# INFO: Read 16 shapes from layer Narea drawing
# INFO: Read 48 shapes from layer DM_dcn drawing
# INFO: Read 76 shapes from layer DM_pcn drawing
# INFO: Read 11 shapes from layer DM_nscn drawing
# INFO: Read 5 shapes from layer DM_pscn drawing
# INFO: Read 68 shapes from layer DM_via1 drawing
# INFO: Connectivity analysis may use 6 threads
# INFO: Set up tasks took 0.002 seconds
# INFO: Building connectivity graph, 9 tasks
# INFO: Build connectivity took 0.009 seconds
# INFO: Extract connectivity graph...
# INFO: Graph search took 0.015 seconds
# INFO: Total geomConnect time 0.035 seconds
Check GAP
Check Overlap
# INFO: Read 176 shapes from layer DM_dcn drawing
