# Glade copyright 2017 Peardrop Design Systems. All rights reserved.
# Glade release version 4.6.55 compiled on Sep  7 2018 10:54:15
# Qt version 5.10.0 on 32 bit platform (little endian)
# Compiled with Visual C++ version 13.1
# Log file: Z:/home/ko/ALBDATA/Glade/tsd_core_HEAD/glade_21.11.2018_16.18.40.log
# Username: 1108 Hostname: mineda.anagix.com
# Current time: Wed Nov 21 16:18:40 2018
# Operating system: Windows 7 SP 1 (6.1)
# Number of CPUs: 6
# Available memory: 31892 Mb
# MAC address: E0:D5:5E:A3:54:E3
# Display 0: Screen size (pixels): 1280 x 657
# Logical dpi: 96.0 Physical dpi: 95.9
# Display Scale Factor: 1.00
# OpenGL vendor: VMware, Inc.
# OpenGL renderer: llvmpipe (LLVM 5.0, 256 bits)
# OpenGL version: 2.1 Mesa 17.2.3
# Python version 2.7.4 (default, Apr  6 2013, 19:54:46) [MSC v.1500 32 bit (Intel)] for win32
# PYTHONHOME is: Z:\opt\glade\glade4_win32
# INFO: Reading global preferences file C:/users/1108/gladerc.xml
# INFO: Loaded library basic from Z:/opt/glade/glade4_win32/basic
# INFO: Reading library (version 540) /usr/local/share/MakeLSI/OpenRule1um/OpenRule1um
# INFO: Creating layer NWL purpose drawing
# INFO: Creating layer NWL_dp purpose drawing
# INFO: Creating layer DIFF purpose drawing
# INFO: Creating layer POL purpose drawing
# INFO: Creating layer HPOL purpose drawing
# INFO: Creating layer CNT purpose drawing
# INFO: Creating layer ML1 purpose drawing
# INFO: Creating layer VIA1 purpose drawing
# INFO: Creating layer ML2 purpose drawing
# INFO: Creating layer VIA2 purpose drawing
# INFO: Creating layer ML3 purpose drawing
# INFO: Creating layer TEXT purpose drawing
# INFO: Creating layer FRAME purpose drawing
# INFO: Creating layer RES purpose drawing
# INFO: Creating layer CAP purpose drawing
# INFO: Creating layer DIO purpose drawing
# INFO: Creating layer Parea purpose drawing
# INFO: Creating layer Narea purpose drawing
# INFO: Creating layer PAD purpose drawing
# INFO: Creating layer DM_dcn purpose drawing
# INFO: Creating layer DM_pcn purpose drawing
# INFO: Creating layer DM_nscn purpose drawing
# INFO: Creating layer DM_pscn purpose drawing
# INFO: Creating layer DM_via1 purpose drawing
# INFO: Creating layer DM_via2 purpose drawing
# INFO: Reading cell an21 view layout
# INFO: Reading cell an31 view layout
# INFO: Reading cell an41 view layout
# INFO: Reading cell buf1 view layout
# INFO: Reading cell buf2 view layout
# INFO: Reading cell buf4 view layout
# INFO: Reading cell buf8 view layout
# INFO: Reading cell cellall view layout
# INFO: Reading cell cinv view layout
# INFO: Reading cell dcont view layout
# INFO: Reading cell dff1 view layout
# INFO: Reading cell dff1m2 view layout
# INFO: Reading cell exnr view layout
# INFO: Reading cell exor view layout
# INFO: Reading cell inv1 view layout
# INFO: Reading cell inv2 view layout
# INFO: Reading cell inv4 view layout
# INFO: Reading cell inv8 view layout
# INFO: Reading cell na21 view layout
# INFO: Reading cell na212 view layout
# INFO: Reading cell na222 view layout
# INFO: Reading cell na31 view layout
# INFO: Reading cell na41 view layout
# INFO: Reading cell nr21 view layout
# INFO: Reading cell nr212 view layout
# INFO: Reading cell nr222 view layout
# INFO: Reading cell nr31 view layout
# INFO: Reading cell nsubcont view layout
# INFO: Reading cell or21 view layout
# INFO: Reading cell or31 view layout
# INFO: Reading cell pcont view layout
# INFO: Reading cell psubcont view layout
# INFO: Reading cell rff1 view layout
# INFO: Reading cell rff1m2 view layout
# INFO: Reading cell sff1 view layout
# INFO: Reading cell sff1m2 view layout
# INFO: Reading cell Via view layout
# INFO: Rebinding library basic
# WARNING: Library default not found, creating new library!
# INFO: Rebinding library OpenRule1um
# INFO: Rebinding library basic
ui().fileOpenLib()
Opening library tsd_core_HEAD
# INFO: Reading library (version 540) Z:/home/ko/ALBDATA/Glade/tsd_core_HEAD
# INFO: Creating layer NWL purpose drawing
# INFO: Creating layer NWL_dp purpose drawing
# INFO: Creating layer DIFF purpose drawing
# INFO: Creating layer POL purpose drawing
# INFO: Creating layer HPOL purpose drawing
# INFO: Creating layer CNT purpose drawing
# INFO: Creating layer ML1 purpose drawing
# INFO: Creating layer VIA1 purpose drawing
# INFO: Creating layer ML2 purpose drawing
# INFO: Creating layer VIA2 purpose drawing
# INFO: Creating layer ML3 purpose drawing
# INFO: Creating layer TEXT purpose drawing
# INFO: Creating layer FRAME purpose drawing
# INFO: Creating layer RES purpose drawing
# INFO: Creating layer CAP purpose drawing
# INFO: Creating layer DIO purpose drawing
# INFO: Creating layer Parea purpose drawing
# INFO: Creating layer Narea purpose drawing
# INFO: Creating layer PAD purpose drawing
# INFO: Creating layer DM_dcn purpose drawing
# INFO: Creating layer DM_pcn purpose drawing
# INFO: Creating layer DM_nscn purpose drawing
# INFO: Creating layer DM_pscn purpose drawing
# INFO: Creating layer DM_via1 purpose drawing
# INFO: Creating layer DM_via2 purpose drawing
# INFO: Reading cell ko_bgr view layout
# INFO: Reading cell ko_tsd view layout
# INFO: Reading cell nch1x10 view layout
# INFO: Reading cell nch1x20 view layout
# INFO: Reading cell pch1x10 view layout
# INFO: Reading cell pch1x20 view layout
# INFO: Reading cell res4k view layout
# INFO: Reading cell res500 view layout
# INFO: Reading cell res980k view layout
# INFO: Reading cell res98k view layout
# INFO: Reading cell tsd_core view layout
# INFO: Rebinding library tsd_core_HEAD
# INFO: Rebinding library default
# INFO: Rebinding library OpenRule1um
# INFO: Rebinding library basic
ui().openCellView("tsd_core_HEAD", "ko_tsd", "layout", 1)
# INFO: Opened cell ko_tsd view layout
ui().selectPoint(76500, -2000, 0)
ui().verifyDRCRun()
Run DRC using rules file Z:/usr/local/share/MakeLSI/OpenRule1um/OpenRule1um_v110/OpenRule1um-drc_v110.py
# INFO: Read 22 shapes from layer NWL drawing
# INFO: Read 46 shapes from layer DIFF drawing
# INFO: Read 23 shapes from layer POL drawing
# INFO: Read 276 shapes from layer CNT drawing
# INFO: Read 62 shapes from layer ML1 drawing
# INFO: Read 84 shapes from layer VIA1 drawing
# INFO: Read 70 shapes from layer ML2 drawing
# INFO: Read 23 shapes from layer FRAME drawing
# INFO: Read 19 shapes from layer Parea drawing
# INFO: Read 23 shapes from layer Narea drawing
# INFO: Read 69 shapes from layer DM_dcn drawing
# INFO: Read 23 shapes from layer DM_pcn drawing
# INFO: Read 19 shapes from layer DM_nscn drawing
# INFO: Read 4 shapes from layer DM_pscn drawing
# INFO: Read 84 shapes from layer DM_via1 drawing
# INFO: Connectivity analysis may use 6 threads
# INFO: Set up tasks took 0.002 seconds
# INFO: Building connectivity graph, 9 tasks
# INFO: Build connectivity took 0.017 seconds
# INFO: Extract connectivity graph...
# INFO: Graph search took 0.002 seconds
# INFO: Total geomConnect time 0.027 seconds
Check GAP
Check Overlap
# INFO: Read 253 shapes from layer DM_dcn drawing
# INFO: Read 23 shapes from layer DM_pcn drawing
# INFO: Read 19 shapes from layer DM_nscn drawing
# INFO: Read 4 shapes from layer DM_pscn drawing
# INFO: Read 122 shapes from layer DM_via1 drawing
Check Stacked Con/Via
Check Width
Check Enclose
Check MOS gate extension
Check stand-alone Cont/Via
>>> # INFO: DRC run completed.
ui().verifyDRCView()
ui().selectPoint(-19000, -75500, 0)
ui().selectPoint(-20000, -75500, 0)
ui().selectPoint(-22000, -75500, 0)
ui().properties("tsd_core_HEAD", "ko_tsd", "layout")
ui().selectPoint(-22000, -75500, 0)
ui().selectPoint(-22000, -75500, 0)
# INFO: Setting selection mode to PARTIAL
ui().selectPoint(-22000, -75500, 0)
ui().editStretch()
# WARNING: Please select something first.
ui().selectPoint(-22000, -75500, 0)
ui().selectPoint(-22000, -75500, 0)
ui().properties("tsd_core_HEAD", "ko_tsd", "layout")
ui().selectPoint(-22000, -75500, 0)
ui().selectPoint(-22000, -75500, 0)
ui().editStretch()
# WARNING: Please select something first.
ui().selectPoint(-19500, -75500, 0)
ui().properties("tsd_core_HEAD", "ko_tsd", "layout")
ui().selectPoint(-19500, -75500, 0)
ui().selectPoint(-19500, -75000, 0)
ui().selectPoint(-20000, -75500, 0)
ui().properties("tsd_core_HEAD", "ko_tsd", "layout")
ui().selectPoint(-20000, -75500, 0)
ui().selectPoint(-13500, -75500, 0)
ui().editStretch()
ui().selectPoint(-20000, -75500, 0)
ui().selectPoint(-16500, -75500, 0)
ui().editStretch()
ui().selectPoint(-12500, -67000, 0)
# INFO: Setting selection mode to FULL
ui().selectPoint(-12500, -68000, 0)
# INFO: Deleting 1 object(s)
ui().selectPoint(-18000, -75500, 0)
# INFO: 1 object(s) moved by delta = (0.000, 0.500)
ui().editUndo()
# INFO: Undoing last move
ui().selectPoint(-19500, -75000, 0)
ui().properties("tsd_core_HEAD", "ko_tsd", "layout")
ui().selectPoint(-19500, -75000, 0)
ui().selectPoint(-18500, -76000, 0)
ui().selectPoint(-18500, -59000, 0)
ui().editCreatePath()
# INFO: Adding path point #1 at (-18.500, -59.000)
# INFO: Adding path point #2 at (-12.500, -59.000)
# INFO: Adding path point #3 at (-12.500, -76.000)
# INFO: Adding path point #4 at (-22.000, -76.000)
# INFO: Created path with 4 points
ui().selectPoint(-22000, -76000, 0)
ui().selectPoint(-12000, -72500, 0)
ui().properties("tsd_core_HEAD", "ko_tsd", "layout")
ui().selectPoint(-12000, -72500, 0)
# INFO: Changed layer from NWL drawing to ML2 drawing
ui().verifyDRCRun()
Run DRC using rules file Z:/usr/local/share/MakeLSI/OpenRule1um/OpenRule1um_v110/OpenRule1um-drc_v110.py
# INFO: Read 22 shapes from layer NWL drawing
# INFO: Read 46 shapes from layer DIFF drawing
# INFO: Read 23 shapes from layer POL drawing
# INFO: Read 276 shapes from layer CNT drawing
# INFO: Read 64 shapes from layer ML1 drawing
# INFO: Read 84 shapes from layer VIA1 drawing
# INFO: Read 68 shapes from layer ML2 drawing
# INFO: Read 23 shapes from layer FRAME drawing
# INFO: Read 19 shapes from layer Parea drawing
# INFO: Read 23 shapes from layer Narea drawing
# INFO: Read 69 shapes from layer DM_dcn drawing
# INFO: Read 23 shapes from layer DM_pcn drawing
# INFO: Read 19 shapes from layer DM_nscn drawing
# INFO: Read 4 shapes from layer DM_pscn drawing
# INFO: Read 84 shapes from layer DM_via1 drawing
# INFO: Connectivity analysis may use 6 threads
# INFO: Set up tasks took 0.002 seconds
# INFO: Building connectivity graph, 9 tasks
# INFO: Build connectivity took 0.009 seconds
# INFO: Extract connectivity graph...
# INFO: Graph search took 0.014 seconds
# INFO: Total geomConnect time 0.035 seconds
Check GAP
Check Overlap
# INFO: Read 253 shapes from layer DM_dcn drawing
# INFO: Read 23 shapes from layer DM_pcn drawing
# INFO: Read 19 shapes from layer DM_nscn drawing
# INFO: Read 4 shapes from layer DM_pscn drawing
# INFO: Read 122 shapes from layer DM_via1 drawing
Check Stacked Con/Via
Check Width
Check Enclose
Check MOS gate extension
Check stand-alone Cont/Via
>>> # INFO: DRC run completed.
ui().verifyDRCView()
ui().selectPoint(-12500, -73500, 0)
# INFO: Deleting 1 object(s)
ui().selectArea(-20011, -74586, -19913, -75048, 0)
ui().selectArea(-20109, -74600, -17776, -76672, 0)
ui().selectArea(-18083, -75734, -17999, -76294, 0)
ui().selectArea(-20151, -74544, -17762, -76854, 0)
ui().editMove()
# INFO: 1 object(s) moved by delta = (-0.500, 0.000)
ui().selectPoint(-16500, -75000, 0)
ui().selectPoint(-18000, -75500, 0)
ui().editUndo()
# INFO: Undoing last move
ui().editCreatePath()
# INFO: Adding path point #1 at (-18.500, -59.000)
# INFO: Adding path point #2 at (-12.000, -59.000)
# INFO: Adding path point #3 at (-12.000, -75.500)
# INFO: Adding path point #4 at (-22.000, -75.500)
# INFO: Created path with 4 points
ui().selectPoint(-22000, -75500, 0)
ui().selectPoint(-14000, -75500, 0)
ui().properties("tsd_core_HEAD", "ko_tsd", "layout")
ui().selectPoint(-14000, -75500, 0)
# INFO: Changed layer from NWL drawing to ML1 drawing
ui().selectPoint(-103500, 17000, 0)
ui().selectArea(89082, 14545, 8981006, -4913925, 0)
ui().selectPoint(13500, 38000, 0)
ui().selectArea(19672, 34850, 53659, 26783, 0)
ui().selectArea(-16102, -39546, 14306, -40890, 0)
ui().verifyDRCRun()
Run DRC using rules file Z:/usr/local/share/MakeLSI/OpenRule1um/OpenRule1um_v110/OpenRule1um-drc_v110.py
# INFO: Read 22 shapes from layer NWL drawing
# INFO: Read 46 shapes from layer DIFF drawing
# INFO: Read 23 shapes from layer POL drawing
# INFO: Read 276 shapes from layer CNT drawing
# INFO: Read 62 shapes from layer ML1 drawing
# INFO: Read 84 shapes from layer VIA1 drawing
# INFO: Read 70 shapes from layer ML2 drawing
# INFO: Read 23 shapes from layer FRAME drawing
# INFO: Read 19 shapes from layer Parea drawing
# INFO: Read 23 shapes from layer Narea drawing
# INFO: Read 69 shapes from layer DM_dcn drawing
# INFO: Read 23 shapes from layer DM_pcn drawing
# INFO: Read 19 shapes from layer DM_nscn drawing
# INFO: Read 4 shapes from layer DM_pscn drawing
# INFO: Read 84 shapes from layer DM_via1 drawing
# INFO: Connectivity analysis may use 6 threads
# INFO: Set up tasks took 0.002 seconds
# INFO: Building connectivity graph, 9 tasks
# INFO: Build connectivity took 0.008 seconds
# INFO: Extract connectivity graph...
# INFO: Graph search took 0.003 seconds
# INFO: Total geomConnect time 0.020 seconds
Check GAP
Check Overlap
# INFO: Read 253 shapes from layer DM_dcn drawing
# INFO: Read 23 shapes from layer DM_pcn drawing
# INFO: Read 19 shapes from layer DM_nscn drawing
# INFO: Read 4 shapes from layer DM_pscn drawing
# INFO: Read 122 shapes from layer DM_via1 drawing
Check Stacked Con/Via
Check Width
Check Enclose
Check MOS gate extension
