# Glade copyright 2017 Peardrop Design Systems. All rights reserved.
# Glade release version 4.6.53 compiled on Aug 14 2018 14:33:41
# Qt version 5.10.0 on 32 bit platform (little endian)
# Compiled with Visual C++ version 13.1
# Log file: Z:/home/ko/ALBDATA/Glade/tsd_core_HEAD/glade_22.08.2018_10.56.53.log
# Username: 1108 Hostname: mineda.anagix.com
# Current time: Wed Aug 22 10:56:53 2018
# Operating system: Windows 7 SP 1 (6.1)
# Number of CPUs: 6
# Available memory: 31892 Mb
# MAC address: E0:D5:5E:A3:54:E3
# Display 0: Screen size (pixels): 1280 x 657
# Logical dpi: 96.0 Physical dpi: 95.9
# Display Scale Factor: 1.00
# OpenGL vendor: VMware, Inc.
# OpenGL renderer: llvmpipe (LLVM 5.0, 256 bits)
# OpenGL version: 2.1 Mesa 17.2.3
# Python version 2.7.4 (default, Apr  6 2013, 19:54:46) [MSC v.1500 32 bit (Intel)] for win32
# PYTHONHOME is: Z:\opt\glade\glade4_win32
# INFO: Reading global preferences file C:/users/1108/gladerc.xml
# INFO: Loaded library basic from Z:/opt/glade/glade4_win32/basic
# INFO: Reading library (version 540) /usr/local/share/MakeLSI/OpenRule1um/OpenRule1um
# INFO: Creating layer NWL purpose drawing
# INFO: Creating layer NWL_dp purpose drawing
# INFO: Creating layer DIFF purpose drawing
# INFO: Creating layer POL purpose drawing
# INFO: Creating layer HPOL purpose drawing
# INFO: Creating layer CNT purpose drawing
# INFO: Creating layer ML1 purpose drawing
# INFO: Creating layer VIA1 purpose drawing
# INFO: Creating layer ML2 purpose drawing
# INFO: Creating layer VIA2 purpose drawing
# INFO: Creating layer ML3 purpose drawing
# INFO: Creating layer TEXT purpose drawing
# INFO: Creating layer FRAME purpose drawing
# INFO: Creating layer RES purpose drawing
# INFO: Creating layer CAP purpose drawing
# INFO: Creating layer DIO purpose drawing
# INFO: Creating layer Parea purpose drawing
# INFO: Creating layer Narea purpose drawing
# INFO: Creating layer PAD purpose drawing
# INFO: Creating layer DM_dcn purpose drawing
# INFO: Creating layer DM_pcn purpose drawing
# INFO: Creating layer DM_nscn purpose drawing
# INFO: Creating layer DM_pscn purpose drawing
# INFO: Creating layer DM_via1 purpose drawing
# INFO: Creating layer DM_via2 purpose drawing
# INFO: Reading cell an21 view layout
# INFO: Reading cell an31 view layout
# INFO: Reading cell an41 view layout
# INFO: Reading cell buf1 view layout
# INFO: Reading cell buf2 view layout
# INFO: Reading cell buf4 view layout
# INFO: Reading cell buf8 view layout
# INFO: Reading cell cellall view layout
# INFO: Reading cell cinv view layout
# INFO: Reading cell dcont view layout
# INFO: Reading cell dff1 view layout
# INFO: Reading cell dff1m2 view layout
# INFO: Reading cell exnr view layout
# INFO: Reading cell exor view layout
# INFO: Reading cell inv1 view layout
# INFO: Reading cell inv2 view layout
# INFO: Reading cell inv4 view layout
# INFO: Reading cell inv8 view layout
# INFO: Reading cell na21 view layout
# INFO: Reading cell na212 view layout
# INFO: Reading cell na222 view layout
# INFO: Reading cell na31 view layout
# INFO: Reading cell na41 view layout
# INFO: Reading cell nr21 view layout
# INFO: Reading cell nr212 view layout
# INFO: Reading cell nr222 view layout
# INFO: Reading cell nr31 view layout
# INFO: Reading cell nsubcont view layout
# INFO: Reading cell or21 view layout
# INFO: Reading cell or31 view layout
# INFO: Reading cell pcont view layout
# INFO: Reading cell psubcont view layout
# INFO: Reading cell rff1 view layout
# INFO: Reading cell rff1m2 view layout
# INFO: Reading cell sff1 view layout
# INFO: Reading cell sff1m2 view layout
# INFO: Reading cell Via view layout
# INFO: Rebinding library basic
# INFO: Reading library (version 540) .
# INFO: Creating layer NWL purpose drawing
# INFO: Creating layer NWL_dp purpose drawing
# INFO: Creating layer DIFF purpose drawing
# INFO: Creating layer POL purpose drawing
# INFO: Creating layer HPOL purpose drawing
# INFO: Creating layer CNT purpose drawing
# INFO: Creating layer ML1 purpose drawing
# INFO: Creating layer VIA1 purpose drawing
# INFO: Creating layer ML2 purpose drawing
# INFO: Creating layer VIA2 purpose drawing
# INFO: Creating layer ML3 purpose drawing
# INFO: Creating layer TEXT purpose drawing
# INFO: Creating layer FRAME purpose drawing
# INFO: Creating layer RES purpose drawing
# INFO: Creating layer CAP purpose drawing
# INFO: Creating layer DIO purpose drawing
# INFO: Creating layer Parea purpose drawing
# INFO: Creating layer Narea purpose drawing
# INFO: Creating layer PAD purpose drawing
# INFO: Creating layer DM_dcn purpose drawing
# INFO: Creating layer DM_pcn purpose drawing
# INFO: Creating layer DM_nscn purpose drawing
# INFO: Creating layer DM_pscn purpose drawing
# INFO: Creating layer DM_via1 purpose drawing
# INFO: Creating layer DM_via2 purpose drawing
# INFO: Reading cell nch1x10 view layout
# INFO: Reading cell nch1x20 view layout
# INFO: Reading cell pch1x10 view layout
# INFO: Reading cell pch1x20 view layout
# INFO: Reading cell res4k view layout
# INFO: Reading cell res500 view layout
# INFO: Reading cell res980k view layout
# INFO: Reading cell res98k view layout
# INFO: Reading cell tsd_core view layout
# ERROR: Inst I0 (master library (null) cell ÄÅ~yo view (null)) instanced in cellview tsd_core_HEAD res980k layout is unbound!
# INFO: Rebinding library OpenRule1um
# INFO: Rebinding library basic
ui().openCellView("tsd_core_HEAD", "tsd_core", "layout", 1)
# INFO: Opened cell tsd_core view layout
ui().selectArea(153576, 82984, 171496, 79393, 0)
# INFO: Set current layer to ML1 drawing
# INFO: Set current layer to ML2 drawing
ui().editPath()
ui().editPath()
# INFO: Adding path point #1 at (113.005, 83.130)
# INFO: Adding path point #2 at (113.005, 79.395)
# INFO: Adding path point #3 at (81.610, 79.395)
# INFO: Adding path point #4 at (81.610, 79.105)
# INFO: Created path with 4 points
ui().selectPoint(81610, 79105, 0)
ui().selectPoint(105550, 83130, 0)
ui().editCreatePath()
# INFO: Adding path point #1 at (104.550, 82.120)
# INFO: Adding path point #2 at (106.125, 82.120)
# INFO: Adding path point #3 at (106.125, 79.535)
# INFO: Adding path point #4 at (106.410, 79.535)
# INFO: Created path with 4 points
ui().selectPoint(106410, 79535, 0)
ui().editUndo()
# INFO: Undoing last create
ui().editCreatePath()
# INFO: Adding path point #1 at (105.625, 83.485)
# INFO: Adding path point #2 at (105.625, 79.320)
# INFO: Adding path point #3 at (105.765, 79.320)
# INFO: Created path with 3 points
ui().selectPoint(105765, 79320, 0)
# INFO: 1 object(s) copied with delta = (-7.955, 0.000), 1 rows 1 cols 0.000 row spacing 0.000 col spacing
ui().editUndo()
# INFO: Undoing last copy
ui().selectPoint(105765, 80685, 0)
# INFO: 1 object(s) copied with delta = (-8.030, 0.000), 1 rows 1 cols 0.000 row spacing 0.000 col spacing
# INFO: 1 object(s) copied with delta = (-7.955, 0.000), 1 rows 1 cols 0.000 row spacing 0.000 col spacing
ui().selectPoint(174505, 92755, 0)
# INFO: Setting selection mode to PARTIAL
ui().selectPoint(91075, 102955, 0)
ui().selectPoint(88885, 102455, 0)
ui().editStretch()
# INFO: Stretching point of vertex by (27.880, 0.110)
# INFO: 1 Edge(s) stretched by (27.880, 0.110)
ui().fileSaveLib()
# INFO: Saving library tsd_core_HEAD to Z:/home/ko/ALBDATA/Glade/tsd_core_HEAD
# INFO: Saving library Z:/home/ko/ALBDATA/Glade/tsd_core_HEAD, version = 540
Writing cell tsd_core view layout
Writing cell res98k view layout
Writing cell res4k view layout
Writing cell pch1x20 view layout
Writing cell pch1x10 view layout
Writing cell nch1x20 view layout
Writing cell res980k view layout
Writing cell res500 view layout
Writing cell nch1x10 view layout
# INFO: Set current layer to ML1 drawing
ui().editPath()
# INFO: Adding path point #1 at (116.030, 83.275)
# INFO: Adding path point #2 at (116.030, 80.580)
# INFO: Adding path point #3 at (84.510, 80.580)
# INFO: Adding path point #4 at (84.510, 80.900)
# INFO: Adding path point #5 at (84.510, 80.920)
# INFO: Created path with 4 points
ui().selectPoint(84510, 80920, 0)
ui().editUndo()
# INFO: Undoing last create
ui().editCreatePath()
# INFO: Adding path point #1 at (117.590, 81.245)
# INFO: Adding path point #2 at (116.660, 81.245)
# INFO: Adding path point #3 at (116.660, 81.030)
# INFO: Created path with 3 points
ui().selectPoint(116590, 81030, 0)
ui().editUndo()
# INFO: Undoing last create
ui().selectPoint(116085, 83255, 0)
ui().editCreatePath()
# INFO: Adding path point #1 at (116.015, 83.110)
# INFO: Adding path point #2 at (116.015, 80.525)
# INFO: Adding path point #3 at (84.475, 80.525)
# INFO: Adding path point #4 at (84.475, 80.740)
# INFO: Created path with 4 points
ui().selectPoint(84475, 80740, 0)
ui().editCreatePath()
# INFO: Adding path point #1 at (116.445, 81.030)
# INFO: Adding path point #2 at (116.445, 79.880)
# INFO: Adding path point #3 at (117.235, 79.880)
# INFO: Created path with 3 points
ui().selectPoint(117235, 79880, 0)
ui().editUndo()
# INFO: Undoing last create
ui().editCreatePath()
# INFO: Adding path point #1 at (108.560, 83.255)
# INFO: Adding path point #2 at (108.560, 80.595)
# INFO: Adding path point #3 at (108.490, 80.595)
# INFO: Created path with 3 points
ui().selectPoint(108490, 80595, 0)
ui().selectPoint(108825, 81605, 0)
ui().selectPoint(109005, 81715, 0)
ui().selectArea(108289, 81641, 117969, 79629, 0)
ui().selectPoint(108255, 81570, 0)
ui().properties("tsd_core_HEAD", "tsd_core", "layout")
ui().selectPoint(108325, 81570, 0)
ui().selectPoint(108540, 81315, 0)
# WARNING: Segments cannot be copied - select shape in full mode!
# WARNING: Segments cannot be copied - select shape in full mode!
# WARNING: Segments cannot be copied - select shape in full mode!
# WARNING: Segments cannot be copied - select shape in full mode!
# WARNING: Segments cannot be copied - select shape in full mode!
# WARNING: Segments cannot be copied - select shape in full mode!
# INFO: Setting selection mode to FULL
# WARNING: Segments cannot be copied - select shape in full mode!
# WARNING: Segments cannot be copied - select shape in full mode!
# WARNING: Segments cannot be copied - select shape in full mode!
# WARNING: Segments cannot be copied - select shape in full mode!
# WARNING: Segments cannot be copied - select shape in full mode!
# WARNING: Segments cannot be copied - select shape in full mode!
# WARNING: Segments cannot be copied - select shape in full mode!
# WARNING: Segments cannot be copied - select shape in full mode!
# WARNING: Segments cannot be copied - select shape in full mode!
# WARNING: Segments cannot be copied - select shape in full mode!
# WARNING: Segments cannot be copied - select shape in full mode!
# WARNING: Segments cannot be copied - select shape in full mode!
# WARNING: Segments cannot be copied - select shape in full mode!
# WARNING: Segments cannot be copied - select shape in full mode!
ui().properties("tsd_core_HEAD", "tsd_core", "layout")
# INFO: 1 object(s) copied with delta = (0.970, 0.000), 1 rows 1 cols 0.000 row spacing 0.000 col spacing
ui().selectPoint(108325, 81425, 0)
