# Glade copyright 2017 Peardrop Design Systems. All rights reserved.
# Glade release version 4.6.55 compiled on Sep  7 2018 10:54:15
# Qt version 5.10.0 on 32 bit platform (little endian)
# Compiled with Visual C++ version 13.1
# Log file: Z:/home/ko/ALBDATA/Glade/tsd_core_HEAD/glade_11.12.2018_10.50.22.log
# Username: 1108 Hostname: mineda.anagix.com
# Current time: Tue Dec 11 10:50:22 2018
# Operating system: Windows 7 SP 1 (6.1)
# Number of CPUs: 6
# Available memory: 31892 Mb
# MAC address: E0:D5:5E:A3:54:E3
# Display 0: Screen size (pixels): 1600 x 837
# Logical dpi: 96.0 Physical dpi: 96.1
# Display Scale Factor: 1.00
# OpenGL vendor: VMware, Inc.
# OpenGL renderer: llvmpipe (LLVM 5.0, 256 bits)
# OpenGL version: 2.1 Mesa 17.2.3
# Python version 2.7.4 (default, Apr  6 2013, 19:54:46) [MSC v.1500 32 bit (Intel)] for win32
# PYTHONHOME is: Z:\opt\glade\glade4_win32
# INFO: Reading global preferences file C:/users/1108/gladerc.xml
# INFO: Loaded library basic from Z:/opt/glade/glade4_win32/basic
# INFO: Reading library (version 540) /usr/local/share/MakeLSI/OpenRule1um/OpenRule1um
# INFO: Creating layer NWL purpose drawing
# INFO: Creating layer NWL_dp purpose drawing
# INFO: Creating layer DIFF purpose drawing
# INFO: Creating layer POL purpose drawing
# INFO: Creating layer HPOL purpose drawing
# INFO: Creating layer CNT purpose drawing
# INFO: Creating layer ML1 purpose drawing
# INFO: Creating layer VIA1 purpose drawing
# INFO: Creating layer ML2 purpose drawing
# INFO: Creating layer VIA2 purpose drawing
# INFO: Creating layer ML3 purpose drawing
# INFO: Creating layer TEXT purpose drawing
# INFO: Creating layer FRAME purpose drawing
# INFO: Creating layer RES purpose drawing
# INFO: Creating layer CAP purpose drawing
# INFO: Creating layer DIO purpose drawing
# INFO: Creating layer Parea purpose drawing
# INFO: Creating layer Narea purpose drawing
# INFO: Creating layer PAD purpose drawing
# INFO: Creating layer DM_dcn purpose drawing
# INFO: Creating layer DM_pcn purpose drawing
# INFO: Creating layer DM_nscn purpose drawing
# INFO: Creating layer DM_pscn purpose drawing
# INFO: Creating layer DM_via1 purpose drawing
# INFO: Creating layer DM_via2 purpose drawing
# INFO: Reading cell an21 view layout
# INFO: Reading cell an31 view layout
# INFO: Reading cell an41 view layout
# INFO: Reading cell buf1 view layout
# INFO: Reading cell buf2 view layout
# INFO: Reading cell buf4 view layout
# INFO: Reading cell buf8 view layout
# INFO: Reading cell cellall view layout
# INFO: Reading cell cinv view layout
# INFO: Reading cell dcont view layout
# INFO: Reading cell dff1 view layout
# INFO: Reading cell dff1m2 view layout
# INFO: Reading cell exnr view layout
# INFO: Reading cell exor view layout
# INFO: Reading cell inv1 view layout
# INFO: Reading cell inv2 view layout
# INFO: Reading cell inv4 view layout
# INFO: Reading cell inv8 view layout
# INFO: Reading cell na21 view layout
# INFO: Reading cell na212 view layout
# INFO: Reading cell na222 view layout
# INFO: Reading cell na31 view layout
# INFO: Reading cell na41 view layout
# INFO: Reading cell nr21 view layout
# INFO: Reading cell nr212 view layout
# INFO: Reading cell nr222 view layout
# INFO: Reading cell nr31 view layout
# INFO: Reading cell nsubcont view layout
# INFO: Reading cell or21 view layout
# INFO: Reading cell or31 view layout
# INFO: Reading cell pcont view layout
# INFO: Reading cell psubcont view layout
# INFO: Reading cell rff1 view layout
# INFO: Reading cell rff1m2 view layout
# INFO: Reading cell sff1 view layout
# INFO: Reading cell sff1m2 view layout
# INFO: Reading cell Via view layout
# INFO: Rebinding library basic
# WARNING: Library default not found, creating new library!
# INFO: Rebinding library OpenRule1um
# INFO: Rebinding library basic
ui().fileOpenLib()
Opening library usr
# ERROR: Can't read library file Z:/usr/glade.lib: ?????????????
# INFO: Rebinding library usr
# INFO: Rebinding library default
# INFO: Rebinding library OpenRule1um
# INFO: Rebinding library basic
# INFO: Closing library usr
ui().fileOpenLib()
Opening library tsd_core_HEAD
# INFO: Reading library (version 540) Z:/home/ko/ALBDATA/Glade/tsd_core_HEAD
# INFO: Creating layer NWL purpose drawing
# INFO: Creating layer NWL_dp purpose drawing
# INFO: Creating layer DIFF purpose drawing
# INFO: Creating layer POL purpose drawing
# INFO: Creating layer HPOL purpose drawing
# INFO: Creating layer CNT purpose drawing
# INFO: Creating layer ML1 purpose drawing
# INFO: Creating layer VIA1 purpose drawing
# INFO: Creating layer ML2 purpose drawing
# INFO: Creating layer VIA2 purpose drawing
# INFO: Creating layer ML3 purpose drawing
# INFO: Creating layer TEXT purpose drawing
# INFO: Creating layer FRAME purpose drawing
# INFO: Creating layer RES purpose drawing
# INFO: Creating layer CAP purpose drawing
# INFO: Creating layer DIO purpose drawing
# INFO: Creating layer Parea purpose drawing
# INFO: Creating layer Narea purpose drawing
# INFO: Creating layer PAD purpose drawing
# INFO: Creating layer DM_dcn purpose drawing
# INFO: Creating layer DM_pcn purpose drawing
# INFO: Creating layer DM_nscn purpose drawing
# INFO: Creating layer DM_pscn purpose drawing
# INFO: Creating layer DM_via1 purpose drawing
# INFO: Creating layer DM_via2 purpose drawing
# INFO: Reading cell ko_bgr view layout
# INFO: Reading cell ko_tsd view layout
# INFO: Reading cell nch1x10 view layout
# INFO: Reading cell nch1x20 view layout
# INFO: Reading cell pch1x10 view layout
# INFO: Reading cell pch1x20 view layout
# INFO: Reading cell res4k view layout
# INFO: Reading cell res500 view layout
# INFO: Reading cell res980k view layout
# INFO: Reading cell res98k view layout
# INFO: Reading cell tsd_core view layout
# INFO: Rebinding library tsd_core_HEAD
# INFO: Rebinding library default
# INFO: Rebinding library OpenRule1um
# INFO: Rebinding library basic
ui().openCellView("tsd_core_HEAD", "ko_tsdnew", "layout", 1)
# INFO: Opened cell ko_tsdnew view layout
ui().openCellView("tsd_core_HEAD", "ko_tsd", "layout", 1)
# INFO: Opened cell ko_tsd view layout
ui().selectPoint(7000, 5000, 0)
ui().selectArea(6824, 6020, 7652, 5073, 0)
ui().fileSaveLib()
# INFO: Saving library tsd_core_HEAD to Z:/home/ko/ALBDATA/Glade/tsd_core_HEAD
# INFO: Saving library Z:/home/ko/ALBDATA/Glade/tsd_core_HEAD, version = 540
Writing cell nch1x10 view layout
Writing cell res980k view layout
Writing cell ko_tsd view layout
Writing cell nch1x20 view layout
Writing cell res98k view layout
Writing cell ko_tsdnew view layout
Writing cell res500 view layout
Writing cell ko_bgr view layout
Writing cell pch1x20 view layout
Writing cell res4k view layout
Writing cell tsd_core view layout
Writing cell pch1x10 view layout
ui().fileSaveCell()
# INFO: Saving cellview Z:/home/ko/ALBDATA/Glade/tsd_core_HEAD/ko_tsdnew/layout
ui().fileSaveLib()
# INFO: Saving library tsd_core_HEAD to Z:/home/ko/ALBDATA/Glade/tsd_core_HEAD
# INFO: Saving library Z:/home/ko/ALBDATA/Glade/tsd_core_HEAD, version = 540
Writing cell nch1x10 view layout
Writing cell res980k view layout
Writing cell ko_tsd view layout
Writing cell nch1x20 view layout
Writing cell res98k view layout
Writing cell ko_tsdnew view layout
Writing cell res500 view layout
Writing cell ko_bgr view layout
Writing cell pch1x20 view layout
Writing cell res4k view layout
Writing cell tsd_core view layout
Writing cell pch1x10 view layout
ui().selectPoint(5000, 6000, 0)
# INFO: Creating instance I0 (master tsd_core_HEAD pch1x10 layout) origin (49.500 19.000) orientation R0
ui().selectArea(45222, 41150, 61460, 16683, 0)
ui().editCopy()
# INFO: 1 object(s) copied with delta = (-10.500, 0.000), 1 rows 1 cols 0.000 row spacing 0.000 col spacing
ui().selectArea(36393, 42413, 47902, 15736, 0)
ui().editMove()
# INFO: 1 object(s) moved by delta = (1.500, 0.000)
ui().selectArea(38128, 42255, 59253, 15894, 0)
ui().editCopy()
# INFO: 2 object(s) copied with delta = (-18.500, 0.000), 1 rows 1 cols 0.000 row spacing 0.000 col spacing
ui().selectArea(17791, 41150, 60987, 16999, 0)
ui().editCopy()
# INFO: 4 object(s) copied with delta = (-36.500, 0.000), 1 rows 1 cols 0.000 row spacing 0.000 col spacing
ui().selectArea(-18626, 40519, 59095, 18420, 0)
ui().editCopy()
# INFO: 8 object(s) copied with delta = (0.000, -29.500), 1 rows 1 cols 0.000 row spacing 0.000 col spacing
ui().selectPoint(73500, 24000, 0)
ui().fileSaveCell()
# INFO: Saving cellview Z:/home/ko/ALBDATA/Glade/tsd_core_HEAD/ko_tsdnew/layout
ui().fileSaveLib()
# INFO: Saving library tsd_core_HEAD to Z:/home/ko/ALBDATA/Glade/tsd_core_HEAD
# INFO: Saving library Z:/home/ko/ALBDATA/Glade/tsd_core_HEAD, version = 540
Writing cell nch1x10 view layout
Writing cell res980k view layout
Writing cell ko_tsd view layout
Writing cell nch1x20 view layout
Writing cell res98k view layout
Writing cell ko_tsdnew view layout
Writing cell res500 view layout
Writing cell ko_bgr view layout
Writing cell pch1x20 view layout
Writing cell res4k view layout
Writing cell tsd_core view layout
Writing cell pch1x10 view layout
ui().selectArea(-17387, 12211, 62069, -11940, 0)
ui().editMirrorX()
# INFO: Object mirrored about (21.000, 0.500)
ui().selectPoint(59500, 16500, 0)
ui().selectPoint(-12500, 21000, 0)
# INFO: Set current layer to ML2 drawing
ui().selectPoint(-12500, 21000, 0)
ui().editCreatePath()
# INFO: Adding path point #1 at (-12.500, 21.000)
# INFO: Adding path point #2 at (-12.500, 16.000)
# INFO: Created path with 2 points
ui().selectPoint(-12500, 16000, 0)
ui().editUndo()
# INFO: Undoing last create
ui().editCreatePath()
# INFO: Adding path point #1 at (-12.500, 21.000)
# INFO: Adding path point #2 at (-12.500, 9.500)
# INFO: Created path with 2 points
ui().selectPoint(-12500, 9500, 0)
ui().selectPoint(-12500, 15500, 0)
ui().editCopy()
# INFO: 1 object(s) copied with delta = (9.000, 0.000), 1 rows 1 cols 0.000 row spacing 0.000 col spacing
ui().editCopy()
# INFO: 1 object(s) copied with delta = (9.500, 0.000), 1 rows 1 cols 0.000 row spacing 0.000 col spacing
ui().editCopy()
# INFO: 1 object(s) copied with delta = (9.000, 0.000), 1 rows 1 cols 0.000 row spacing 0.000 col spacing
ui().editCopy()
# INFO: 1 object(s) copied with delta = (9.000, 0.000), 1 rows 1 cols 0.000 row spacing 0.000 col spacing
ui().editCopy()
# INFO: 1 object(s) copied with delta = (9.000, 0.000), 1 rows 1 cols 0.000 row spacing 0.000 col spacing
ui().editCopy()
# INFO: 1 object(s) copied with delta = (9.500, 0.000), 1 rows 1 cols 0.000 row spacing 0.000 col spacing
ui().editCopy()
# INFO: 1 object(s) copied with delta = (9.000, 0.000), 1 rows 1 cols 0.000 row spacing 0.000 col spacing
ui().selectPoint(-9500, 20500, 0)
# INFO: Set current layer to ML1 drawing
ui().selectArea(-33986, 46643, -16124, 25829, 0)
ui().selectPoint(-9500, 21000, 0)
ui().selectPoint(-9500, 21000, 0)
ui().editCreatePath()
# INFO: Adding path point #1 at (-9.500, 20.500)
# INFO: Adding path point #2 at (-9.500, 18.000)
# INFO: Created path with 2 points
ui().selectPoint(-9500, 18000, 0)
ui().editUndo()
# INFO: Undoing last create
ui().selectPoint(-9500, 21000, 0)
ui().properties("tsd_core_HEAD", "ko_tsdnew", "layout")
ui().selectPoint(-9500, 21000, 0)
ui().selectPoint(-9500, 21000, 0)
ui().editCreatePath()
# INFO: Adding path point #1 at (-9.500, 21.000)
# INFO: Adding path point #2 at (-9.500, 10.000)
# INFO: Created path with 2 points
ui().selectPoint(-9500, 10000, 0)
ui().selectPoint(-9500, 14500, 0)
ui().editCopy()
# INFO: 1 object(s) copied with delta = (9.000, 0.000), 1 rows 1 cols 0.000 row spacing 0.000 col spacing
ui().editCopy()
# INFO: 1 object(s) copied with delta = (9.500, 0.000), 1 rows 1 cols 0.000 row spacing 0.000 col spacing
ui().editCopy()
# INFO: 1 object(s) copied with delta = (9.000, 0.000), 1 rows 1 cols 0.000 row spacing 0.000 col spacing
ui().editCopy()
# INFO: 1 object(s) copied with delta = (9.000, 0.000), 1 rows 1 cols 0.000 row spacing 0.000 col spacing
ui().editCopy()
# INFO: 1 object(s) copied with delta = (9.000, 0.000), 1 rows 1 cols 0.000 row spacing 0.000 col spacing
ui().editCopy()
# INFO: 1 object(s) copied with delta = (9.500, 0.000), 1 rows 1 cols 0.000 row spacing 0.000 col spacing
ui().editCopy()
# INFO: 1 object(s) copied with delta = (9.000, 0.000), 1 rows 1 cols 0.000 row spacing 0.000 col spacing
ui().selectPoint(-12500, 15500, 0)
# INFO: Set current layer to ML2 drawing
ui().selectPoint(-12500, 15500, 0)
ui().editCreatePath()
# INFO: Adding path point #1 at (-12.500, 15.500)
# INFO: Adding path point #2 at (59.000, 15.500)
# INFO: Created path with 2 points
ui().selectPoint(59000, 15500, 0)
ui().fileSaveCell()
# INFO: Saving cellview Z:/home/ko/ALBDATA/Glade/tsd_core_HEAD/ko_tsdnew/layout
ui().verifyDRCRun()
Run DRC using rules file Z:/usr/local/share/MakeLSI/OpenRule1um/OpenRule1um-drc.py
# INFO: Read 6 shapes from layer NWL drawing
# INFO: Read 32 shapes from layer DIFF drawing
# INFO: Read 16 shapes from layer POL drawing
# INFO: Read 192 shapes from layer CNT drawing
# INFO: Read 56 shapes from layer ML1 drawing
# INFO: Read 64 shapes from layer VIA1 drawing
# INFO: Read 49 shapes from layer ML2 drawing
# INFO: Read 16 shapes from layer FRAME drawing
# INFO: Read 16 shapes from layer Parea drawing
# INFO: Read 16 shapes from layer Narea drawing
# INFO: Read 48 shapes from layer DM_dcn drawing
# INFO: Read 16 shapes from layer DM_pcn drawing
# INFO: Read 16 shapes from layer DM_nscn drawing
# INFO: Read 64 shapes from layer DM_via1 drawing
# INFO: Connectivity analysis may use 6 threads
# INFO: Set up tasks took 0.004 seconds
# INFO: Building connectivity graph, 9 tasks
# INFO: Build connectivity took 0.011 seconds
# INFO: Extract connectivity graph...
# INFO: Graph search took 0.000 seconds
# INFO: Total geomConnect time 0.023 seconds
Check GAP
Check Overlap
# INFO: Read 176 shapes from layer DM_dcn drawing
# INFO: Read 16 shapes from layer DM_pcn drawing
# INFO: Read 16 shapes from layer DM_nscn drawing
# INFO: Read 96 shapes from layer DM_via1 drawing
Check Stacked Con/Via
Check Width
Check Enclose
Check MOS gate extension
Check stand-alone Cont/Via
>>> # INFO: DRC run completed.
ui().verifyDRCView()
ui().selectPoint(90000, 20500, 0)
ui().selectPoint(58000, 16000, 0)
# INFO: Deleting 1 object(s)
ui().selectPoint(-16000, 45000, 0)
ui().selectArea(-16244, 42154, 2314, -12771, 0)
ui().editMove()
# INFO: 8 object(s) moved by delta = (-0.500, 0.000)
ui().selectArea(39761, 42318, 59469, -11456, 0)
ui().selectArea(38447, 42976, 59962, -10305, 0)
ui().editMove()
# INFO: 10 object(s) moved by delta = (1.500, 0.000)
ui().selectPoint(70000, 3000, 0)
ui().verifyDRCRun()
Run DRC using rules file Z:/usr/local/share/MakeLSI/OpenRule1um/OpenRule1um-drc.py
# INFO: Read 6 shapes from layer NWL drawing
# INFO: Read 32 shapes from layer DIFF drawing
# INFO: Read 16 shapes from layer POL drawing
# INFO: Read 192 shapes from layer CNT drawing
# INFO: Read 56 shapes from layer ML1 drawing
# INFO: Read 64 shapes from layer VIA1 drawing
# INFO: Read 56 shapes from layer ML2 drawing
# INFO: Read 16 shapes from layer FRAME drawing
# INFO: Read 16 shapes from layer Parea drawing
# INFO: Read 16 shapes from layer Narea drawing
# INFO: Read 48 shapes from layer DM_dcn drawing
# INFO: Read 16 shapes from layer DM_pcn drawing
# INFO: Read 16 shapes from layer DM_nscn drawing
# INFO: Read 64 shapes from layer DM_via1 drawing
# INFO: Connectivity analysis may use 6 threads
# INFO: Set up tasks took 0.003 seconds
# INFO: Building connectivity graph, 9 tasks
# INFO: Build connectivity took 0.011 seconds
# INFO: Extract connectivity graph...
# INFO: Graph search took 0.003 seconds
# INFO: Total geomConnect time 0.024 seconds
Check GAP
Check Overlap
# INFO: Read 176 shapes from layer DM_dcn drawing
# INFO: Read 16 shapes from layer DM_pcn drawing
# INFO: Read 16 shapes from layer DM_nscn drawing
# INFO: Read 96 shapes from layer DM_via1 drawing
Check Stacked Con/Via
Check Width
Check Enclose
Check MOS gate extension
Check stand-alone Cont/Via
>>> # INFO: DRC run completed.
ui().verifyDRCView()
ui().selectPoint(40000, 15500, 0)
ui().editUndo()
# INFO: Undoing last move
ui().editUndo()
# INFO: Undoing last move
ui().editUndo()
# INFO: Undoing last delete
ui().selectPoint(49500, 16000, 0)
# INFO: Deleting 1 object(s)
ui().selectPoint(62500, 11500, 0)
ui().selectPoint(0, -6500, 0)
ui().selectPoint(-33500, 9500, 0)
ui().selectPoint(10000, -18500, 0)
ui().selectArea(10020, -11593, 61920, -18336, 0)
ui().selectPoint(53000, -2500, 0)
# INFO: 1 object(s) copied with delta = (0.000, -31.500), 1 rows 1 cols 0.000 row spacing 0.000 col spacing
ui().editCopy()
# INFO: 1 object(s) copied with delta = (-16.000, 0.000), 1 rows 1 cols 0.000 row spacing 0.000 col spacing
ui().selectArea(26121, -16316, 62254, -48548, 0)
ui().selectPoint(76500, -24000, 0)
ui().selectArea(46815, -19276, 64225, -44602, 0)
ui().editMove()
# INFO: 1 object(s) moved by delta = (-5.500, 0.000)
ui().selectArea(29405, -16974, 55684, -46904, 0)
ui().editMove()
# INFO: 2 object(s) moved by delta = (-29.000, 0.000)
ui().selectPoint(8000, -27500, 0)
ui().editMirrorX()
# INFO: Object mirrored about (8.000, -30.000)
ui().selectArea(1351, -17415, 13340, -46194, 0)
ui().editMove()
# INFO: 1 object(s) moved by delta = (0.000, -2.000)
# INFO: Set current layer to ML1 drawing
ui().selectPoint(6000, -23500, 0)
ui().editMove()
# INFO: 1 object(s) moved by delta = (0.000, 0.500)
ui().editUndo()
# INFO: Undoing last move
ui().selectPoint(6000, -23500, 0)
ui().editCreatePath()
# INFO: Adding path point #1 at (6.000, -23.500)
# INFO: Adding path point #2 at (6.000, -19.000)
# INFO: Created path with 2 points
ui().selectPoint(6000, -19000, 0)
ui().editUndo()
# INFO: Undoing last create
ui().selectPoint(6000, -23500, 0)
ui().editCreatePath()
# INFO: Adding path point #1 at (6.000, -23.500)
# INFO: Adding path point #2 at (6.000, -17.000)
# INFO: Adding path point #3 at (20.000, -17.000)
# INFO: Adding path point #4 at (20.000, -22.000)
# INFO: Created path with 4 points
ui().selectPoint(20000, -22000, 0)
ui().editUndo()
# INFO: Undoing last create
ui().selectArea(12966, -18922, 25120, -43753, 0)
ui().editMirrorY()
# INFO: Object mirrored about (18.500, -30.000)
ui().selectPoint(6000, -23500, 0)
ui().selectPoint(6000, -23500, 0)
ui().editCreatePath()
# INFO: Adding path point #1 at (6.000, -23.500)
# INFO: Adding path point #2 at (6.000, -18.500)
# INFO: Adding path point #3 at (17.000, -18.500)
# INFO: Adding path point #4 at (17.000, -22.000)
# INFO: Created path with 4 points
ui().selectPoint(17000, -22000, 0)
ui().selectArea(11937, -45492, 40514, -48123, 0)
ui().zoomIn(23598, -47959, 23762, -48123)
ui().zoomOut(14873, -42965, 14958, -43136)
ui().selectPoint(-159283500, 511820500, 0)
ui().editUndo()
# INFO: Undoing last create
ui().editUndo()
# INFO: Undoing last rotate
ui().editUndo()
# INFO: Undoing last move
ui().selectArea(151524209, 1676773018, 158203949, 1605877362, 0)
ui().editUndo()
# INFO: Undoing last rotate
ui().editUndo()
# INFO: Undoing last move
ui().editUndo()
# INFO: Undoing last move
ui().editUndo()
# INFO: Undoing last copy
ui().editUndo()
# INFO: Undoing last copy
ui().editUndo()
# INFO: Undoing last delete
ui().selectPoint(195979000, -1467381500, 0)
ui().selectPoint(195979000, -1467381500, 0)
# INFO: Saving global preferences file C:/users/1108/gladerc.xml
# Normal exit.
